# JRE version: OpenJDK Runtime Environment (8.0_112-b06) (build 1.8.0_112-release-b06)
# Java VM: OpenJDK 64-Bit Server VM (25.112-b06 mixed mode windows-amd64 compressed oops)
Heap:
 PSYoungGen      total 324096K, used 128774K [0x00000000e0000000, 0x00000000faf80000, 0x0000000100000000)
  eden space 318464K, 38% used [0x00000000e0000000,0x00000000e78b9300,0x00000000f3700000)
  from space 5632K, 91% used [0x00000000f8d00000,0x00000000f9208510,0x00000000f9280000)
  to   space 19456K, 0% used [0x00000000f9c80000,0x00000000f9c80000,0x00000000faf80000)
 ParOldGen       total 114688K, used 58676K [0x00000000a0000000, 0x00000000a7000000, 0x00000000e0000000)
  object space 114688K, 51% used [0x00000000a0000000,0x00000000a394d320,0x00000000a7000000)
 Metaspace       used 72080K, capacity 76526K, committed 76760K, reserved 1116160K
  class space    used 9499K, capacity 10231K, committed 10240K, reserved 1048576K
GC Heap History (10 events):
Event: 1789.417 GC heap before
{Heap before GC invocations=18 (full 3):
 PSYoungGen      total 268800K, used 263355K [0x00000000e0000000, 0x00000000f1800000, 0x0000000100000000)
  eden space 253952K, 100% used [0x00000000e0000000,0x00000000ef800000,0x00000000ef800000)
  from space 14848K, 63% used [0x00000000f0980000,0x00000000f12aee40,0x00000000f1800000)
  to   space 16384K, 0% used [0x00000000ef800000,0x00000000ef800000,0x00000000f0800000)
 ParOldGen       total 114688K, used 42910K [0x00000000a0000000, 0x00000000a7000000, 0x00000000e0000000)
  object space 114688K, 37% used [0x00000000a0000000,0x00000000a29e7b08,0x00000000a7000000)
 Metaspace       used 59315K, capacity 62128K, committed 62424K, reserved 1103872K
  class space    used 8024K, capacity 8605K, committed 8704K, reserved 1048576K
Event: 1789.428 GC heap after
Heap after GC invocations=18 (full 3):
 PSYoungGen      total 270336K, used 960K [0x00000000e0000000, 0x00000000f7a00000, 0x0000000100000000)
  eden space 253952K, 0% used [0x00000000e0000000,0x00000000e0000000,0x00000000ef800000)
  from space 16384K, 5% used [0x00000000ef800000,0x00000000ef8f0000,0x00000000f0800000)
  to   space 16896K, 0% used [0x00000000f6980000,0x00000000f6980000,0x00000000f7a00000)
 ParOldGen       total 114688K, used 46354K [0x00000000a0000000, 0x00000000a7000000, 0x00000000e0000000)
  object space 114688K, 40% used [0x00000000a0000000,0x00000000a2d449d8,0x00000000a7000000)
 Metaspace       used 59315K, capacity 62128K, committed 62424K, reserved 1103872K
  class space    used 8024K, capacity 8605K, committed 8704K, reserved 1048576K
}
Event: 1794.859 GC heap before
{Heap before GC invocations=19 (full 3):
 PSYoungGen      total 270336K, used 254559K [0x00000000e0000000, 0x00000000f7a00000, 0x0000000100000000)
  eden space 253952K, 99% used [0x00000000e0000000,0x00000000ef7a7f48,0x00000000ef800000)
  from space 16384K, 5% used [0x00000000ef800000,0x00000000ef8f0000,0x00000000f0800000)
  to   space 16896K, 0% used [0x00000000f6980000,0x00000000f6980000,0x00000000f7a00000)
 ParOldGen       total 114688K, used 46354K [0x00000000a0000000, 0x00000000a7000000, 0x00000000e0000000)
  object space 114688K, 40% used [0x00000000a0000000,0x00000000a2d449d8,0x00000000a7000000)
 Metaspace       used 67759K, capacity 70674K, committed 71000K, reserved 1110016K
  class space    used 8983K, capacity 9546K, committed 9600K, reserved 1048576K
Event: 1794.885 GC heap after
Heap after GC invocations=19 (full 3):
 PSYoungGen      total 363520K, used 16892K [0x00000000e0000000, 0x00000000f7b80000, 0x0000000100000000)
  eden space 346624K, 0% used [0x00000000e0000000,0x00000000e0000000,0x00000000f5280000)
  from space 16896K, 99% used [0x00000000f6980000,0x00000000f79ff3e0,0x00000000f7a00000)
  to   space 20992K, 0% used [0x00000000f5280000,0x00000000f5280000,0x00000000f6700000)
 ParOldGen       total 114688K, used 50033K [0x00000000a0000000, 0x00000000a7000000, 0x00000000e0000000)
  object space 114688K, 43% used [0x00000000a0000000,0x00000000a30dc7e8,0x00000000a7000000)
 Metaspace       used 67759K, capacity 70674K, committed 71000K, reserved 1110016K
  class space    used 8983K, capacity 9546K, committed 9600K, reserved 1048576K
}
Event: 2252.495 GC heap before
{Heap before GC invocations=20 (full 3):
 PSYoungGen      total 363520K, used 363516K [0x00000000e0000000, 0x00000000f7b80000, 0x0000000100000000)
  eden space 346624K, 100% used [0x00000000e0000000,0x00000000f5280000,0x00000000f5280000)
  from space 16896K, 99% used [0x00000000f6980000,0x00000000f79ff3e0,0x00000000f7a00000)
  to   space 20992K, 0% used [0x00000000f5280000,0x00000000f5280000,0x00000000f6700000)
 ParOldGen       total 114688K, used 50033K [0x00000000a0000000, 0x00000000a7000000, 0x00000000e0000000)
  object space 114688K, 43% used [0x00000000a0000000,0x00000000a30dc7e8,0x00000000a7000000)
 Metaspace       used 68190K, capacity 71256K, committed 71384K, reserved 1112064K
  class space    used 9028K, capacity 9613K, committed 9728K, reserved 1048576K
Event: 2252.529 GC heap after
Heap after GC invocations=20 (full 3):
 PSYoungGen      total 367616K, used 5184K [0x00000000e0000000, 0x00000000fc300000, 0x0000000100000000)
  eden space 346624K, 0% used [0x00000000e0000000,0x00000000e0000000,0x00000000f5280000)
  from space 20992K, 24% used [0x00000000f5280000,0x00000000f5790020,0x00000000f6700000)
  to   space 20480K, 0% used [0x00000000faf00000,0x00000000faf00000,0x00000000fc300000)
 ParOldGen       total 114688K, used 58292K [0x00000000a0000000, 0x00000000a7000000, 0x00000000e0000000)
  object space 114688K, 50% used [0x00000000a0000000,0x00000000a38ed2d0,0x00000000a7000000)
 Metaspace       used 68190K, capacity 71256K, committed 71384K, reserved 1112064K
  class space    used 9028K, capacity 9613K, committed 9728K, reserved 1048576K
}
Event: 2328.649 GC heap before
{Heap before GC invocations=21 (full 3):
 PSYoungGen      total 367616K, used 351808K [0x00000000e0000000, 0x00000000fc300000, 0x0000000100000000)
  eden space 346624K, 100% used [0x00000000e0000000,0x00000000f5280000,0x00000000f5280000)
  from space 20992K, 24% used [0x00000000f5280000,0x00000000f5790020,0x00000000f6700000)
  to   space 20480K, 0% used [0x00000000faf00000,0x00000000faf00000,0x00000000fc300000)
 ParOldGen       total 114688K, used 58292K [0x00000000a0000000, 0x00000000a7000000, 0x00000000e0000000)
  object space 114688K, 50% used [0x00000000a0000000,0x00000000a38ed2d0,0x00000000a7000000)
 Metaspace       used 69611K, capacity 73000K, committed 73304K, reserved 1112064K
  class space    used 9151K, capacity 9769K, committed 9856K, reserved 1048576K
Event: 2328.662 GC heap after
Heap after GC invocations=21 (full 3):
 PSYoungGen      total 337408K, used 4718K [0x00000000e0000000, 0x00000000fb400000, 0x0000000100000000)
  eden space 332288K, 0% used [0x00000000e0000000,0x00000000e0000000,0x00000000f4480000)
  from space 5120K, 92% used [0x00000000faf00000,0x00000000fb39ba80,0x00000000fb400000)
  to   space 19968K, 0% used [0x00000000f8d00000,0x00000000f8d00000,0x00000000fa080000)
 ParOldGen       total 114688K, used 58668K [0x00000000a0000000, 0x00000000a7000000, 0x00000000e0000000)
  object space 114688K, 51% used [0x00000000a0000000,0x00000000a394b320,0x00000000a7000000)
 Metaspace       used 69611K, capacity 73000K, committed 73304K, reserved 1112064K
  class space    used 9151K, capacity 9769K, committed 9856K, reserved 1048576K
}
Event: 2847.483 GC heap before
{Heap before GC invocations=22 (full 3):
 PSYoungGen      total 337408K, used 337006K [0x00000000e0000000, 0x00000000fb400000, 0x0000000100000000)
  eden space 332288K, 100% used [0x00000000e0000000,0x00000000f4480000,0x00000000f4480000)
  from space 5120K, 92% used [0x00000000faf00000,0x00000000fb39ba80,0x00000000fb400000)
  to   space 19968K, 0% used [0x00000000f8d00000,0x00000000f8d00000,0x00000000fa080000)
 ParOldGen       total 114688K, used 58668K [0x00000000a0000000, 0x00000000a7000000, 0x00000000e0000000)
  object space 114688K, 51% used [0x00000000a0000000,0x00000000a394b320,0x00000000a7000000)
 Metaspace       used 70466K, capacity 74362K, committed 74712K, reserved 1114112K
  class space    used 9223K, capacity 9886K, committed 9984K, reserved 1048576K
Event: 2847.494 GC heap after
Heap after GC invocations=22 (full 3):
 PSYoungGen      total 324096K, used 5153K [0x00000000e0000000, 0x00000000faf80000, 0x0000000100000000)
  eden space 318464K, 0% used [0x00000000e0000000,0x00000000e0000000,0x00000000f3700000)
  from space 5632K, 91% used [0x00000000f8d00000,0x00000000f9208510,0x00000000f9280000)
  to   space 19456K, 0% used [0x00000000f9c80000,0x00000000f9c80000,0x00000000faf80000)
 ParOldGen       total 114688K, used 58676K [0x00000000a0000000, 0x00000000a7000000, 0x00000000e0000000)
  object space 114688K, 51% used [0x00000000a0000000,0x00000000a394d320,0x00000000a7000000)
 Metaspace       used 70466K, capacity 74362K, committed 74712K, reserved 1114112K
  class space    used 9223K, capacity 9886K, committed 9984K, reserved 1048576K
}

