# JRE version: OpenJDK Runtime Environment (8.0_112-b06) (build 1.8.0_112-release-b06)
# Java VM: OpenJDK 64-Bit Server VM (25.112-b06 mixed mode windows-amd64 compressed oops)
Heap:
 PSYoungGen      total 54272K, used 53754K [0x00000000e0000000, 0x00000000e5000000, 0x0000000100000000)
  eden space 44032K, 100% used [0x00000000e0000000,0x00000000e2b00000,0x00000000e2b00000)
  from space 10240K, 94% used [0x00000000e2b00000,0x00000000e347e990,0x00000000e3500000)
  to   space 11264K, 0% used [0x00000000e4500000,0x00000000e4500000,0x00000000e5000000)
 ParOldGen       total 70144K, used 8913K [0x00000000a0000000, 0x00000000a4480000, 0x00000000e0000000)
  object space 70144K, 12% used [0x00000000a0000000,0x00000000a08b46c0,0x00000000a4480000)
 Metaspace       used 32951K, capacity 33522K, committed 33792K, reserved 1079296K
  class space    used 4394K, capacity 4550K, committed 4608K, reserved 1048576K
GC Heap History (10 events):
Event: 4.066 GC heap before
{Heap before GC invocations=4 (full 0):
 PSYoungGen      total 38400K, used 27579K [0x00000000e0000000, 0x00000000e2a80000, 0x0000000100000000)
  eden space 33280K, 67% used [0x00000000e0000000,0x00000000e15f2f10,0x00000000e2080000)
  from space 5120K, 99% used [0x00000000e2080000,0x00000000e257c070,0x00000000e2580000)
  to   space 5120K, 0% used [0x00000000e2580000,0x00000000e2580000,0x00000000e2a80000)
 ParOldGen       total 87552K, used 3704K [0x00000000a0000000, 0x00000000a5580000, 0x00000000e0000000)
  object space 87552K, 4% used [0x00000000a0000000,0x00000000a039e210,0x00000000a5580000)
 Metaspace       used 20657K, capacity 21100K, committed 21296K, reserved 1067008K
  class space    used 2804K, capacity 2920K, committed 2944K, reserved 1048576K
Event: 4.078 GC heap after
Heap after GC invocations=4 (full 0):
 PSYoungGen      total 38400K, used 5096K [0x00000000e0000000, 0x00000000e2a80000, 0x0000000100000000)
  eden space 33280K, 0% used [0x00000000e0000000,0x00000000e0000000,0x00000000e2080000)
  from space 5120K, 99% used [0x00000000e2580000,0x00000000e2a7a0e0,0x00000000e2a80000)
  to   space 5120K, 0% used [0x00000000e2080000,0x00000000e2080000,0x00000000e2580000)
 ParOldGen       total 87552K, used 7709K [0x00000000a0000000, 0x00000000a5580000, 0x00000000e0000000)
  object space 87552K, 8% used [0x00000000a0000000,0x00000000a0787718,0x00000000a5580000)
 Metaspace       used 20657K, capacity 21100K, committed 21296K, reserved 1067008K
  class space    used 2804K, capacity 2920K, committed 2944K, reserved 1048576K
}
Event: 4.078 GC heap before
{Heap before GC invocations=5 (full 1):
 PSYoungGen      total 38400K, used 5096K [0x00000000e0000000, 0x00000000e2a80000, 0x0000000100000000)
  eden space 33280K, 0% used [0x00000000e0000000,0x00000000e0000000,0x00000000e2080000)
  from space 5120K, 99% used [0x00000000e2580000,0x00000000e2a7a0e0,0x00000000e2a80000)
  to   space 5120K, 0% used [0x00000000e2080000,0x00000000e2080000,0x00000000e2580000)
 ParOldGen       total 87552K, used 7709K [0x00000000a0000000, 0x00000000a5580000, 0x00000000e0000000)
  object space 87552K, 8% used [0x00000000a0000000,0x00000000a0787718,0x00000000a5580000)
 Metaspace       used 20657K, capacity 21100K, committed 21296K, reserved 1067008K
  class space    used 2804K, capacity 2920K, committed 2944K, reserved 1048576K
Event: 4.157 GC heap after
Heap after GC invocations=5 (full 1):
 PSYoungGen      total 38400K, used 0K [0x00000000e0000000, 0x00000000e2a80000, 0x0000000100000000)
  eden space 33280K, 0% used [0x00000000e0000000,0x00000000e0000000,0x00000000e2080000)
  from space 5120K, 0% used [0x00000000e2580000,0x00000000e2580000,0x00000000e2a80000)
  to   space 5120K, 0% used [0x00000000e2080000,0x00000000e2080000,0x00000000e2580000)
 ParOldGen       total 70144K, used 8897K [0x00000000a0000000, 0x00000000a4480000, 0x00000000e0000000)
  object space 70144K, 12% used [0x00000000a0000000,0x00000000a08b06c0,0x00000000a4480000)
 Metaspace       used 20630K, capacity 21012K, committed 21296K, reserved 1067008K
  class space    used 2796K, capacity 2912K, committed 2944K, reserved 1048576K
}
Event: 5.759 GC heap before
{Heap before GC invocations=6 (full 1):
 PSYoungGen      total 38400K, used 33280K [0x00000000e0000000, 0x00000000e2a80000, 0x0000000100000000)
  eden space 33280K, 100% used [0x00000000e0000000,0x00000000e2080000,0x00000000e2080000)
  from space 5120K, 0% used [0x00000000e2580000,0x00000000e2580000,0x00000000e2a80000)
  to   space 5120K, 0% used [0x00000000e2080000,0x00000000e2080000,0x00000000e2580000)
 ParOldGen       total 70144K, used 8897K [0x00000000a0000000, 0x00000000a4480000, 0x00000000e0000000)
  object space 70144K, 12% used [0x00000000a0000000,0x00000000a08b06c0,0x00000000a4480000)
 Metaspace       used 25282K, capacity 25730K, committed 25984K, reserved 1071104K
  class space    used 3281K, capacity 3438K, committed 3456K, reserved 1048576K
Event: 5.764 GC heap after
Heap after GC invocations=6 (full 1):
 PSYoungGen      total 38400K, used 4506K [0x00000000e0000000, 0x00000000e3f80000, 0x0000000100000000)
  eden space 33280K, 0% used [0x00000000e0000000,0x00000000e0000000,0x00000000e2080000)
  from space 5120K, 88% used [0x00000000e2080000,0x00000000e24e6998,0x00000000e2580000)
  to   space 10752K, 0% used [0x00000000e3500000,0x00000000e3500000,0x00000000e3f80000)
 ParOldGen       total 70144K, used 8905K [0x00000000a0000000, 0x00000000a4480000, 0x00000000e0000000)
  object space 70144K, 12% used [0x00000000a0000000,0x00000000a08b26c0,0x00000000a4480000)
 Metaspace       used 25282K, capacity 25730K, committed 25984K, reserved 1071104K
  class space    used 3281K, capacity 3438K, committed 3456K, reserved 1048576K
}
Event: 6.723 GC heap before
{Heap before GC invocations=7 (full 1):
 PSYoungGen      total 38400K, used 37786K [0x00000000e0000000, 0x00000000e3f80000, 0x0000000100000000)
  eden space 33280K, 100% used [0x00000000e0000000,0x00000000e2080000,0x00000000e2080000)
  from space 5120K, 88% used [0x00000000e2080000,0x00000000e24e6998,0x00000000e2580000)
  to   space 10752K, 0% used [0x00000000e3500000,0x00000000e3500000,0x00000000e3f80000)
 ParOldGen       total 70144K, used 8905K [0x00000000a0000000, 0x00000000a4480000, 0x00000000e0000000)
  object space 70144K, 12% used [0x00000000a0000000,0x00000000a08b26c0,0x00000000a4480000)
 Metaspace       used 27544K, capacity 27988K, committed 28160K, reserved 1073152K
  class space    used 3648K, capacity 3821K, committed 3840K, reserved 1048576K
Event: 6.737 GC heap after
Heap after GC invocations=7 (full 1):
 PSYoungGen      total 54784K, used 6357K [0x00000000e0000000, 0x00000000e3f80000, 0x0000000100000000)
  eden space 44032K, 0% used [0x00000000e0000000,0x00000000e0000000,0x00000000e2b00000)
  from space 10752K, 59% used [0x00000000e3500000,0x00000000e3b35548,0x00000000e3f80000)
  to   space 10240K, 0% used [0x00000000e2b00000,0x00000000e2b00000,0x00000000e3500000)
 ParOldGen       total 70144K, used 8905K [0x00000000a0000000, 0x00000000a4480000, 0x00000000e0000000)
  object space 70144K, 12% used [0x00000000a0000000,0x00000000a08b26c0,0x00000000a4480000)
 Metaspace       used 27544K, capacity 27988K, committed 28160K, reserved 1073152K
  class space    used 3648K, capacity 3821K, committed 3840K, reserved 1048576K
}
Event: 7.735 GC heap before
{Heap before GC invocations=8 (full 1):
 PSYoungGen      total 54784K, used 50389K [0x00000000e0000000, 0x00000000e3f80000, 0x0000000100000000)
  eden space 44032K, 100% used [0x00000000e0000000,0x00000000e2b00000,0x00000000e2b00000)
  from space 10752K, 59% used [0x00000000e3500000,0x00000000e3b35548,0x00000000e3f80000)
  to   space 10240K, 0% used [0x00000000e2b00000,0x00000000e2b00000,0x00000000e3500000)
 ParOldGen       total 70144K, used 8905K [0x00000000a0000000, 0x00000000a4480000, 0x00000000e0000000)
  object space 70144K, 12% used [0x00000000a0000000,0x00000000a08b26c0,0x00000000a4480000)
 Metaspace       used 30712K, capacity 31346K, committed 31616K, reserved 1077248K
  class space    used 4181K, capacity 4358K, committed 4480K, reserved 1048576K
Event: 7.747 GC heap after
Heap after GC invocations=8 (full 1):
 PSYoungGen      total 54272K, used 9722K [0x00000000e0000000, 0x00000000e5000000, 0x0000000100000000)
  eden space 44032K, 0% used [0x00000000e0000000,0x00000000e0000000,0x00000000e2b00000)
  from space 10240K, 94% used [0x00000000e2b00000,0x00000000e347e990,0x00000000e3500000)
  to   space 11264K, 0% used [0x00000000e4500000,0x00000000e4500000,0x00000000e5000000)
 ParOldGen       total 70144K, used 8913K [0x00000000a0000000, 0x00000000a4480000, 0x00000000e0000000)
  object space 70144K, 12% used [0x00000000a0000000,0x00000000a08b46c0,0x00000000a4480000)
 Metaspace       used 30712K, capacity 31346K, committed 31616K, reserved 1077248K
  class space    used 4181K, capacity 4358K, committed 4480K, reserved 1048576K
}

