# JRE version: OpenJDK Runtime Environment (8.0_112-b06) (build 1.8.0_112-release-b06)
# Java VM: OpenJDK 64-Bit Server VM (25.112-b06 mixed mode windows-amd64 compressed oops)
Heap:
 PSYoungGen      total 210944K, used 168667K [0x00000000e0000000, 0x00000000ef100000, 0x0000000100000000)
  eden space 186368K, 82% used [0x00000000e0000000,0x00000000e968c360,0x00000000eb600000)
  from space 24576K, 59% used [0x00000000ed900000,0x00000000ee72a8b0,0x00000000ef100000)
  to   space 30208K, 0% used [0x00000000eb600000,0x00000000eb600000,0x00000000ed380000)
 ParOldGen       total 168448K, used 45064K [0x00000000a0000000, 0x00000000aa480000, 0x00000000e0000000)
  object space 168448K, 26% used [0x00000000a0000000,0x00000000a2c02290,0x00000000aa480000)
 Metaspace       used 68698K, capacity 71823K, committed 72192K, reserved 1112064K
  class space    used 9017K, capacity 9607K, committed 9728K, reserved 1048576K
GC Heap History (10 events):
Event: 62.415 GC heap before
{Heap before GC invocations=19 (full 3):
 PSYoungGen      total 167936K, used 22949K [0x00000000e0000000, 0x00000000ec500000, 0x0000000100000000)
  eden space 142336K, 0% used [0x00000000e0000000,0x00000000e0000000,0x00000000e8b00000)
  from space 25600K, 89% used [0x00000000ea700000,0x00000000ebd694f8,0x00000000ec000000)
  to   space 28672K, 0% used [0x00000000e8b00000,0x00000000e8b00000,0x00000000ea700000)
 ParOldGen       total 110592K, used 34393K [0x00000000a0000000, 0x00000000a6c00000, 0x00000000e0000000)
  object space 110592K, 31% used [0x00000000a0000000,0x00000000a2196670,0x00000000a6c00000)
 Metaspace       used 56662K, capacity 59035K, committed 59096K, reserved 1099776K
  class space    used 7688K, capacity 8192K, committed 8192K, reserved 1048576K
Event: 62.922 GC heap after
Heap after GC invocations=19 (full 3):
 PSYoungGen      total 167936K, used 0K [0x00000000e0000000, 0x00000000ec500000, 0x0000000100000000)
  eden space 142336K, 0% used [0x00000000e0000000,0x00000000e0000000,0x00000000e8b00000)
  from space 25600K, 0% used [0x00000000ea700000,0x00000000ea700000,0x00000000ec000000)
  to   space 28672K, 0% used [0x00000000e8b00000,0x00000000e8b00000,0x00000000ea700000)
 ParOldGen       total 168448K, used 45032K [0x00000000a0000000, 0x00000000aa480000, 0x00000000e0000000)
  object space 168448K, 26% used [0x00000000a0000000,0x00000000a2bfa290,0x00000000aa480000)
 Metaspace       used 56660K, capacity 59029K, committed 59096K, reserved 1099776K
  class space    used 7687K, capacity 8191K, committed 8192K, reserved 1048576K
}
Event: 101.431 GC heap before
{Heap before GC invocations=20 (full 3):
 PSYoungGen      total 167936K, used 142336K [0x00000000e0000000, 0x00000000ec500000, 0x0000000100000000)
  eden space 142336K, 100% used [0x00000000e0000000,0x00000000e8b00000,0x00000000e8b00000)
  from space 25600K, 0% used [0x00000000ea700000,0x00000000ea700000,0x00000000ec000000)
  to   space 28672K, 0% used [0x00000000e8b00000,0x00000000e8b00000,0x00000000ea700000)
 ParOldGen       total 168448K, used 45032K [0x00000000a0000000, 0x00000000aa480000, 0x00000000e0000000)
  object space 168448K, 26% used [0x00000000a0000000,0x00000000a2bfa290,0x00000000aa480000)
 Metaspace       used 62184K, capacity 64731K, committed 65024K, reserved 1105920K
  class space    used 8368K, capacity 8889K, committed 8960K, reserved 1048576K
Event: 101.447 GC heap after
Heap after GC invocations=20 (full 3):
 PSYoungGen      total 171008K, used 8299K [0x00000000e0000000, 0x00000000edb00000, 0x0000000100000000)
  eden space 142336K, 0% used [0x00000000e0000000,0x00000000e0000000,0x00000000e8b00000)
  from space 28672K, 28% used [0x00000000e8b00000,0x00000000e931ac50,0x00000000ea700000)
  to   space 27648K, 0% used [0x00000000ec000000,0x00000000ec000000,0x00000000edb00000)
 ParOldGen       total 168448K, used 45040K [0x00000000a0000000, 0x00000000aa480000, 0x00000000e0000000)
  object space 168448K, 26% used [0x00000000a0000000,0x00000000a2bfc290,0x00000000aa480000)
 Metaspace       used 62184K, capacity 64731K, committed 65024K, reserved 1105920K
  class space    used 8368K, capacity 8889K, committed 8960K, reserved 1048576K
}
Event: 104.359 GC heap before
{Heap before GC invocations=21 (full 3):
 PSYoungGen      total 171008K, used 149329K [0x00000000e0000000, 0x00000000edb00000, 0x0000000100000000)
  eden space 142336K, 99% used [0x00000000e0000000,0x00000000e89b9920,0x00000000e8b00000)
  from space 28672K, 28% used [0x00000000e8b00000,0x00000000e931ac50,0x00000000ea700000)
  to   space 27648K, 0% used [0x00000000ec000000,0x00000000ec000000,0x00000000edb00000)
 ParOldGen       total 168448K, used 45040K [0x00000000a0000000, 0x00000000aa480000, 0x00000000e0000000)
  object space 168448K, 26% used [0x00000000a0000000,0x00000000a2bfc290,0x00000000aa480000)
 Metaspace       used 66275K, capacity 68955K, committed 69120K, reserved 1110016K
  class space    used 8822K, capacity 9385K, committed 9472K, reserved 1048576K
Event: 104.389 GC heap after
Heap after GC invocations=21 (full 3):
 PSYoungGen      total 192512K, used 27431K [0x00000000e0000000, 0x00000000ee280000, 0x0000000100000000)
  eden space 164864K, 0% used [0x00000000e0000000,0x00000000e0000000,0x00000000ea100000)
  from space 27648K, 99% used [0x00000000ec000000,0x00000000edac9d10,0x00000000edb00000)
  to   space 31744K, 0% used [0x00000000ea100000,0x00000000ea100000,0x00000000ec000000)
 ParOldGen       total 168448K, used 45048K [0x00000000a0000000, 0x00000000aa480000, 0x00000000e0000000)
  object space 168448K, 26% used [0x00000000a0000000,0x00000000a2bfe290,0x00000000aa480000)
 Metaspace       used 66275K, capacity 68955K, committed 69120K, reserved 1110016K
  class space    used 8822K, capacity 9385K, committed 9472K, reserved 1048576K
}
Event: 249.838 GC heap before
{Heap before GC invocations=22 (full 3):
 PSYoungGen      total 192512K, used 192295K [0x00000000e0000000, 0x00000000ee280000, 0x0000000100000000)
  eden space 164864K, 100% used [0x00000000e0000000,0x00000000ea100000,0x00000000ea100000)
  from space 27648K, 99% used [0x00000000ec000000,0x00000000edac9d10,0x00000000edb00000)
  to   space 31744K, 0% used [0x00000000ea100000,0x00000000ea100000,0x00000000ec000000)
 ParOldGen       total 168448K, used 45048K [0x00000000a0000000, 0x00000000aa480000, 0x00000000e0000000)
  object space 168448K, 26% used [0x00000000a0000000,0x00000000a2bfe290,0x00000000aa480000)
 Metaspace       used 67922K, capacity 70789K, committed 71040K, reserved 1110016K
  class space    used 8995K, capacity 9572K, committed 9600K, reserved 1048576K
Event: 249.860 GC heap after
Heap after GC invocations=22 (full 3):
 PSYoungGen      total 196608K, used 18656K [0x00000000e0000000, 0x00000000ef800000, 0x0000000100000000)
  eden space 164864K, 0% used [0x00000000e0000000,0x00000000e0000000,0x00000000ea100000)
  from space 31744K, 58% used [0x00000000ea100000,0x00000000eb338170,0x00000000ec000000)
  to   space 31744K, 0% used [0x00000000ed900000,0x00000000ed900000,0x00000000ef800000)
 ParOldGen       total 168448K, used 45056K [0x00000000a0000000, 0x00000000aa480000, 0x00000000e0000000)
  object space 168448K, 26% used [0x00000000a0000000,0x00000000a2c00290,0x00000000aa480000)
 Metaspace       used 67922K, capacity 70789K, committed 71040K, reserved 1110016K
  class space    used 8995K, capacity 9572K, committed 9600K, reserved 1048576K
}
Event: 301.339 GC heap before
{Heap before GC invocations=23 (full 3):
 PSYoungGen      total 196608K, used 183520K [0x00000000e0000000, 0x00000000ef800000, 0x0000000100000000)
  eden space 164864K, 100% used [0x00000000e0000000,0x00000000ea100000,0x00000000ea100000)
  from space 31744K, 58% used [0x00000000ea100000,0x00000000eb338170,0x00000000ec000000)
  to   space 31744K, 0% used [0x00000000ed900000,0x00000000ed900000,0x00000000ef800000)
 ParOldGen       total 168448K, used 45056K [0x00000000a0000000, 0x00000000aa480000, 0x00000000e0000000)
  object space 168448K, 26% used [0x00000000a0000000,0x00000000a2c00290,0x00000000aa480000)
 Metaspace       used 68341K, capacity 71387K, committed 71552K, reserved 1112064K
  class space    used 9013K, capacity 9599K, committed 9600K, reserved 1048576K
Event: 301.360 GC heap after
Heap after GC invocations=23 (full 3):
 PSYoungGen      total 210944K, used 14506K [0x00000000e0000000, 0x00000000ef100000, 0x0000000100000000)
  eden space 186368K, 0% used [0x00000000e0000000,0x00000000e0000000,0x00000000eb600000)
  from space 24576K, 59% used [0x00000000ed900000,0x00000000ee72a8b0,0x00000000ef100000)
  to   space 30208K, 0% used [0x00000000eb600000,0x00000000eb600000,0x00000000ed380000)
 ParOldGen       total 168448K, used 45064K [0x00000000a0000000, 0x00000000aa480000, 0x00000000e0000000)
  object space 168448K, 26% used [0x00000000a0000000,0x00000000a2c02290,0x00000000aa480000)
 Metaspace       used 68341K, capacity 71387K, committed 71552K, reserved 1112064K
  class space    used 9013K, capacity 9599K, committed 9600K, reserved 1048576K
}

