# JRE version: OpenJDK Runtime Environment (8.0_112-b06) (build 1.8.0_112-release-b06)
# Java VM: OpenJDK 64-Bit Server VM (25.112-b06 mixed mode windows-amd64 compressed oops)
Heap:
 PSYoungGen      total 77312K, used 52441K [0x00000000e0000000, 0x00000000e5700000, 0x0000000100000000)
  eden space 66560K, 72% used [0x00000000e0000000,0x00000000e2ecf790,0x00000000e4100000)
  from space 10752K, 41% used [0x00000000e4c80000,0x00000000e50e6ee8,0x00000000e5700000)
  to   space 11264K, 0% used [0x00000000e4100000,0x00000000e4100000,0x00000000e4c00000)
 ParOldGen       total 95232K, used 16729K [0x00000000a0000000, 0x00000000a5d00000, 0x00000000e0000000)
  object space 95232K, 17% used [0x00000000a0000000,0x00000000a1056700,0x00000000a5d00000)
 Metaspace       used 42487K, capacity 43350K, committed 43648K, reserved 1087488K
  class space    used 5724K, capacity 5965K, committed 6016K, reserved 1048576K
GC Heap History (10 events):
Event: 30.376 GC heap before
{Heap before GC invocations=8 (full 1):
 PSYoungGen      total 39424K, used 38947K [0x00000000e0000000, 0x00000000e4080000, 0x0000000100000000)
  eden space 32768K, 100% used [0x00000000e0000000,0x00000000e2000000,0x00000000e2000000)
  from space 6656K, 92% used [0x00000000e3a00000,0x00000000e4008fa8,0x00000000e4080000)
  to   space 10240K, 0% used [0x00000000e2c80000,0x00000000e2c80000,0x00000000e3680000)
 ParOldGen       total 66048K, used 9274K [0x00000000a0000000, 0x00000000a4080000, 0x00000000e0000000)
  object space 66048K, 14% used [0x00000000a0000000,0x00000000a090eae8,0x00000000a4080000)
 Metaspace       used 29554K, capacity 30064K, committed 30080K, reserved 1075200K
  class space    used 4060K, capacity 4210K, committed 4224K, reserved 1048576K
Event: 30.406 GC heap after
Heap after GC invocations=8 (full 1):
 PSYoungGen      total 55808K, used 6324K [0x00000000e0000000, 0x00000000e4400000, 0x0000000100000000)
  eden space 45568K, 0% used [0x00000000e0000000,0x00000000e0000000,0x00000000e2c80000)
  from space 10240K, 61% used [0x00000000e2c80000,0x00000000e32ad018,0x00000000e3680000)
  to   space 9728K, 0% used [0x00000000e3a80000,0x00000000e3a80000,0x00000000e4400000)
 ParOldGen       total 66048K, used 9346K [0x00000000a0000000, 0x00000000a4080000, 0x00000000e0000000)
  object space 66048K, 14% used [0x00000000a0000000,0x00000000a0920af8,0x00000000a4080000)
 Metaspace       used 29554K, capacity 30064K, committed 30080K, reserved 1075200K
  class space    used 4060K, capacity 4210K, committed 4224K, reserved 1048576K
}
Event: 36.403 GC heap before
{Heap before GC invocations=9 (full 1):
 PSYoungGen      total 55808K, used 51892K [0x00000000e0000000, 0x00000000e4400000, 0x0000000100000000)
  eden space 45568K, 100% used [0x00000000e0000000,0x00000000e2c80000,0x00000000e2c80000)
  from space 10240K, 61% used [0x00000000e2c80000,0x00000000e32ad018,0x00000000e3680000)
  to   space 9728K, 0% used [0x00000000e3a80000,0x00000000e3a80000,0x00000000e4400000)
 ParOldGen       total 66048K, used 9346K [0x00000000a0000000, 0x00000000a4080000, 0x00000000e0000000)
  object space 66048K, 14% used [0x00000000a0000000,0x00000000a0920af8,0x00000000a4080000)
 Metaspace       used 30315K, capacity 30898K, committed 30976K, reserved 1075200K
  class space    used 4137K, capacity 4315K, committed 4352K, reserved 1048576K
Event: 36.416 GC heap after
Heap after GC invocations=9 (full 1):
 PSYoungGen      total 59904K, used 6804K [0x00000000e0000000, 0x00000000e5500000, 0x0000000100000000)
  eden space 50176K, 0% used [0x00000000e0000000,0x00000000e0000000,0x00000000e3100000)
  from space 9728K, 69% used [0x00000000e3a80000,0x00000000e4125040,0x00000000e4400000)
  to   space 9728K, 0% used [0x00000000e3100000,0x00000000e3100000,0x00000000e3a80000)
 ParOldGen       total 66048K, used 9354K [0x00000000a0000000, 0x00000000a4080000, 0x00000000e0000000)
  object space 66048K, 14% used [0x00000000a0000000,0x00000000a0922af8,0x00000000a4080000)
 Metaspace       used 30315K, capacity 30898K, committed 30976K, reserved 1075200K
  class space    used 4137K, capacity 4315K, committed 4352K, reserved 1048576K
}
Event: 37.370 GC heap before
{Heap before GC invocations=10 (full 1):
 PSYoungGen      total 59904K, used 36922K [0x00000000e0000000, 0x00000000e5500000, 0x0000000100000000)
  eden space 50176K, 60% used [0x00000000e0000000,0x00000000e1d697c8,0x00000000e3100000)
  from space 9728K, 69% used [0x00000000e3a80000,0x00000000e4125040,0x00000000e4400000)
  to   space 9728K, 0% used [0x00000000e3100000,0x00000000e3100000,0x00000000e3a80000)
 ParOldGen       total 66048K, used 9354K [0x00000000a0000000, 0x00000000a4080000, 0x00000000e0000000)
  object space 66048K, 14% used [0x00000000a0000000,0x00000000a0922af8,0x00000000a4080000)
 Metaspace       used 34516K, capacity 35276K, committed 35496K, reserved 1079296K
  class space    used 4651K, capacity 4845K, committed 4864K, reserved 1048576K
Event: 37.383 GC heap after
Heap after GC invocations=10 (full 1):
 PSYoungGen      total 59904K, used 9726K [0x00000000e0000000, 0x00000000e5780000, 0x0000000100000000)
  eden space 50176K, 0% used [0x00000000e0000000,0x00000000e0000000,0x00000000e3100000)
  from space 9728K, 99% used [0x00000000e3100000,0x00000000e3a7f890,0x00000000e3a80000)
  to   space 11264K, 0% used [0x00000000e4c80000,0x00000000e4c80000,0x00000000e5780000)
 ParOldGen       total 66048K, used 10077K [0x00000000a0000000, 0x00000000a4080000, 0x00000000e0000000)
  object space 66048K, 15% used [0x00000000a0000000,0x00000000a09d74c8,0x00000000a4080000)
 Metaspace       used 34516K, capacity 35276K, committed 35496K, reserved 1079296K
  class space    used 4651K, capacity 4845K, committed 4864K, reserved 1048576K
}
Event: 37.383 GC heap before
{Heap before GC invocations=11 (full 2):
 PSYoungGen      total 59904K, used 9726K [0x00000000e0000000, 0x00000000e5780000, 0x0000000100000000)
  eden space 50176K, 0% used [0x00000000e0000000,0x00000000e0000000,0x00000000e3100000)
  from space 9728K, 99% used [0x00000000e3100000,0x00000000e3a7f890,0x00000000e3a80000)
  to   space 11264K, 0% used [0x00000000e4c80000,0x00000000e4c80000,0x00000000e5780000)
 ParOldGen       total 66048K, used 10077K [0x00000000a0000000, 0x00000000a4080000, 0x00000000e0000000)
  object space 66048K, 15% used [0x00000000a0000000,0x00000000a09d74c8,0x00000000a4080000)
 Metaspace       used 34516K, capacity 35276K, committed 35496K, reserved 1079296K
  class space    used 4651K, capacity 4845K, committed 4864K, reserved 1048576K
Event: 37.499 GC heap after
Heap after GC invocations=11 (full 2):
 PSYoungGen      total 59904K, used 0K [0x00000000e0000000, 0x00000000e5780000, 0x0000000100000000)
  eden space 50176K, 0% used [0x00000000e0000000,0x00000000e0000000,0x00000000e3100000)
  from space 9728K, 0% used [0x00000000e3100000,0x00000000e3100000,0x00000000e3a80000)
  to   space 11264K, 0% used [0x00000000e4c80000,0x00000000e4c80000,0x00000000e5780000)
 ParOldGen       total 95232K, used 16721K [0x00000000a0000000, 0x00000000a5d00000, 0x00000000e0000000)
  object space 95232K, 17% used [0x00000000a0000000,0x00000000a1054700,0x00000000a5d00000)
 Metaspace       used 34516K, capacity 35276K, committed 35496K, reserved 1079296K
  class space    used 4651K, capacity 4845K, committed 4864K, reserved 1048576K
}
Event: 39.124 GC heap before
{Heap before GC invocations=12 (full 2):
 PSYoungGen      total 59904K, used 50176K [0x00000000e0000000, 0x00000000e5780000, 0x0000000100000000)
  eden space 50176K, 100% used [0x00000000e0000000,0x00000000e3100000,0x00000000e3100000)
  from space 9728K, 0% used [0x00000000e3100000,0x00000000e3100000,0x00000000e3a80000)
  to   space 11264K, 0% used [0x00000000e4c80000,0x00000000e4c80000,0x00000000e5780000)
 ParOldGen       total 95232K, used 16721K [0x00000000a0000000, 0x00000000a5d00000, 0x00000000e0000000)
  object space 95232K, 17% used [0x00000000a0000000,0x00000000a1054700,0x00000000a5d00000)
 Metaspace       used 37361K, capacity 38150K, committed 38272K, reserved 1083392K
  class space    used 4987K, capacity 5214K, committed 5248K, reserved 1048576K
Event: 39.135 GC heap after
Heap after GC invocations=12 (full 2):
 PSYoungGen      total 77312K, used 4507K [0x00000000e0000000, 0x00000000e5700000, 0x0000000100000000)
  eden space 66560K, 0% used [0x00000000e0000000,0x00000000e0000000,0x00000000e4100000)
  from space 10752K, 41% used [0x00000000e4c80000,0x00000000e50e6ee8,0x00000000e5700000)
  to   space 11264K, 0% used [0x00000000e4100000,0x00000000e4100000,0x00000000e4c00000)
 ParOldGen       total 95232K, used 16729K [0x00000000a0000000, 0x00000000a5d00000, 0x00000000e0000000)
  object space 95232K, 17% used [0x00000000a0000000,0x00000000a1056700,0x00000000a5d00000)
 Metaspace       used 37361K, capacity 38150K, committed 38272K, reserved 1083392K
  class space    used 4987K, capacity 5214K, committed 5248K, reserved 1048576K
}

