# JRE version: OpenJDK Runtime Environment (8.0_112-b06) (build 1.8.0_112-release-b06)
# Java VM: OpenJDK 64-Bit Server VM (25.112-b06 mixed mode windows-amd64 compressed oops)
Heap:
 PSYoungGen      total 223744K, used 44365K [0x00000000e0000000, 0x00000000ef200000, 0x0000000100000000)
  eden space 200704K, 22% used [0x00000000e0000000,0x00000000e2b2b418,0x00000000ec400000)
  from space 23040K, 0% used [0x00000000edb00000,0x00000000edb28000,0x00000000ef180000)
  to   space 23552K, 0% used [0x00000000ec400000,0x00000000ec400000,0x00000000edb00000)
 ParOldGen       total 115712K, used 72654K [0x00000000a0000000, 0x00000000a7100000, 0x00000000e0000000)
  object space 115712K, 62% used [0x00000000a0000000,0x00000000a46f38b8,0x00000000a7100000)
 Metaspace       used 71893K, capacity 76128K, committed 76376K, reserved 1116160K
  class space    used 9381K, capacity 10091K, committed 10112K, reserved 1048576K
GC Heap History (10 events):
Event: 3358.430 GC heap before
{Heap before GC invocations=33 (full 3):
 PSYoungGen      total 122368K, used 113112K [0x00000000e0000000, 0x00000000eab80000, 0x0000000100000000)
  eden space 98304K, 99% used [0x00000000e0000000,0x00000000e5f79920,0x00000000e6000000)
  from space 24064K, 63% used [0x00000000e6000000,0x00000000e6efc890,0x00000000e7780000)
  to   space 24576K, 0% used [0x00000000e9380000,0x00000000e9380000,0x00000000eab80000)
 ParOldGen       total 115712K, used 61399K [0x00000000a0000000, 0x00000000a7100000, 0x00000000e0000000)
  object space 115712K, 53% used [0x00000000a0000000,0x00000000a3bf5cc8,0x00000000a7100000)
 Metaspace       used 71225K, capacity 75108K, committed 75352K, reserved 1114112K
  class space    used 9335K, capacity 10041K, committed 10112K, reserved 1048576K
Event: 3358.446 GC heap after
Heap after GC invocations=33 (full 3):
 PSYoungGen      total 151040K, used 5825K [0x00000000e0000000, 0x00000000eab00000, 0x0000000100000000)
  eden space 126976K, 0% used [0x00000000e0000000,0x00000000e0000000,0x00000000e7c00000)
  from space 24064K, 24% used [0x00000000e9380000,0x00000000e99304a0,0x00000000eab00000)
  to   space 24064K, 0% used [0x00000000e7c00000,0x00000000e7c00000,0x00000000e9380000)
 ParOldGen       total 115712K, used 70694K [0x00000000a0000000, 0x00000000a7100000, 0x00000000e0000000)
  object space 115712K, 61% used [0x00000000a0000000,0x00000000a4509828,0x00000000a7100000)
 Metaspace       used 71225K, capacity 75108K, committed 75352K, reserved 1114112K
  class space    used 9335K, capacity 10041K, committed 10112K, reserved 1048576K
}
Event: 3622.601 GC heap before
{Heap before GC invocations=34 (full 3):
 PSYoungGen      total 151040K, used 132801K [0x00000000e0000000, 0x00000000eab00000, 0x0000000100000000)
  eden space 126976K, 100% used [0x00000000e0000000,0x00000000e7c00000,0x00000000e7c00000)
  from space 24064K, 24% used [0x00000000e9380000,0x00000000e99304a0,0x00000000eab00000)
  to   space 24064K, 0% used [0x00000000e7c00000,0x00000000e7c00000,0x00000000e9380000)
 ParOldGen       total 115712K, used 70694K [0x00000000a0000000, 0x00000000a7100000, 0x00000000e0000000)
  object space 115712K, 61% used [0x00000000a0000000,0x00000000a4509828,0x00000000a7100000)
 Metaspace       used 71433K, capacity 75450K, committed 75608K, reserved 1114112K
  class space    used 9354K, capacity 10060K, committed 10112K, reserved 1048576K
Event: 3622.615 GC heap after
Heap after GC invocations=34 (full 3):
 PSYoungGen      total 151040K, used 1936K [0x00000000e0000000, 0x00000000ecf00000, 0x0000000100000000)
  eden space 126976K, 0% used [0x00000000e0000000,0x00000000e0000000,0x00000000e7c00000)
  from space 24064K, 8% used [0x00000000e7c00000,0x00000000e7de4030,0x00000000e9380000)
  to   space 24064K, 0% used [0x00000000eb780000,0x00000000eb780000,0x00000000ecf00000)
 ParOldGen       total 115712K, used 71454K [0x00000000a0000000, 0x00000000a7100000, 0x00000000e0000000)
  object space 115712K, 61% used [0x00000000a0000000,0x00000000a45c7848,0x00000000a7100000)
 Metaspace       used 71433K, capacity 75450K, committed 75608K, reserved 1114112K
  class space    used 9354K, capacity 10060K, committed 10112K, reserved 1048576K
}
Event: 3626.162 GC heap before
{Heap before GC invocations=35 (full 3):
 PSYoungGen      total 151040K, used 128912K [0x00000000e0000000, 0x00000000ecf00000, 0x0000000100000000)
  eden space 126976K, 100% used [0x00000000e0000000,0x00000000e7c00000,0x00000000e7c00000)
  from space 24064K, 8% used [0x00000000e7c00000,0x00000000e7de4030,0x00000000e9380000)
  to   space 24064K, 0% used [0x00000000eb780000,0x00000000eb780000,0x00000000ecf00000)
 ParOldGen       total 115712K, used 71454K [0x00000000a0000000, 0x00000000a7100000, 0x00000000e0000000)
  object space 115712K, 61% used [0x00000000a0000000,0x00000000a45c7848,0x00000000a7100000)
 Metaspace       used 71767K, capacity 75912K, committed 76120K, reserved 1116160K
  class space    used 9368K, capacity 10073K, committed 10112K, reserved 1048576K
Event: 3626.176 GC heap after
Heap after GC invocations=35 (full 3):
 PSYoungGen      total 185856K, used 11357K [0x00000000e0000000, 0x00000000ecd80000, 0x0000000100000000)
  eden space 163328K, 0% used [0x00000000e0000000,0x00000000e0000000,0x00000000e9f80000)
  from space 22528K, 50% used [0x00000000eb780000,0x00000000ec297768,0x00000000ecd80000)
  to   space 23552K, 0% used [0x00000000e9f80000,0x00000000e9f80000,0x00000000eb680000)
 ParOldGen       total 115712K, used 72210K [0x00000000a0000000, 0x00000000a7100000, 0x00000000e0000000)
  object space 115712K, 62% used [0x00000000a0000000,0x00000000a4684858,0x00000000a7100000)
 Metaspace       used 71767K, capacity 75912K, committed 76120K, reserved 1116160K
  class space    used 9368K, capacity 10073K, committed 10112K, reserved 1048576K
}
Event: 3626.728 GC heap before
{Heap before GC invocations=36 (full 3):
 PSYoungGen      total 185856K, used 174484K [0x00000000e0000000, 0x00000000ecd80000, 0x0000000100000000)
  eden space 163328K, 99% used [0x00000000e0000000,0x00000000e9f4dc68,0x00000000e9f80000)
  from space 22528K, 50% used [0x00000000eb780000,0x00000000ec297768,0x00000000ecd80000)
  to   space 23552K, 0% used [0x00000000e9f80000,0x00000000e9f80000,0x00000000eb680000)
 ParOldGen       total 115712K, used 72210K [0x00000000a0000000, 0x00000000a7100000, 0x00000000e0000000)
  object space 115712K, 62% used [0x00000000a0000000,0x00000000a4684858,0x00000000a7100000)
 Metaspace       used 71840K, capacity 76022K, committed 76120K, reserved 1116160K
  class space    used 9372K, capacity 10080K, committed 10112K, reserved 1048576K
Event: 3626.740 GC heap after
Heap after GC invocations=36 (full 3):
 PSYoungGen      total 186880K, used 12165K [0x00000000e0000000, 0x00000000ef180000, 0x0000000100000000)
  eden space 163328K, 0% used [0x00000000e0000000,0x00000000e0000000,0x00000000e9f80000)
  from space 23552K, 51% used [0x00000000e9f80000,0x00000000eab61670,0x00000000eb680000)
  to   space 23040K, 0% used [0x00000000edb00000,0x00000000edb00000,0x00000000ef180000)
 ParOldGen       total 115712K, used 72226K [0x00000000a0000000, 0x00000000a7100000, 0x00000000e0000000)
  object space 115712K, 62% used [0x00000000a0000000,0x00000000a4688858,0x00000000a7100000)
 Metaspace       used 71840K, capacity 76022K, committed 76120K, reserved 1116160K
  class space    used 9372K, capacity 10080K, committed 10112K, reserved 1048576K
}
Event: 3703.002 GC heap before
{Heap before GC invocations=37 (full 3):
 PSYoungGen      total 186880K, used 175493K [0x00000000e0000000, 0x00000000ef180000, 0x0000000100000000)
  eden space 163328K, 100% used [0x00000000e0000000,0x00000000e9f80000,0x00000000e9f80000)
  from space 23552K, 51% used [0x00000000e9f80000,0x00000000eab61670,0x00000000eb680000)
  to   space 23040K, 0% used [0x00000000edb00000,0x00000000edb00000,0x00000000ef180000)
 ParOldGen       total 115712K, used 72226K [0x00000000a0000000, 0x00000000a7100000, 0x00000000e0000000)
  object space 115712K, 62% used [0x00000000a0000000,0x00000000a4688858,0x00000000a7100000)
 Metaspace       used 71850K, capacity 76028K, committed 76120K, reserved 1116160K
  class space    used 9372K, capacity 10081K, committed 10112K, reserved 1048576K
Event: 3703.006 GC heap after
Heap after GC invocations=37 (full 3):
 PSYoungGen      total 223744K, used 160K [0x00000000e0000000, 0x00000000ef200000, 0x0000000100000000)
  eden space 200704K, 0% used [0x00000000e0000000,0x00000000e0000000,0x00000000ec400000)
  from space 23040K, 0% used [0x00000000edb00000,0x00000000edb28000,0x00000000ef180000)
  to   space 23552K, 0% used [0x00000000ec400000,0x00000000ec400000,0x00000000edb00000)
 ParOldGen       total 115712K, used 72654K [0x00000000a0000000, 0x00000000a7100000, 0x00000000e0000000)
  object space 115712K, 62% used [0x00000000a0000000,0x00000000a46f38b8,0x00000000a7100000)
 Metaspace       used 71850K, capacity 76028K, committed 76120K, reserved 1116160K
  class space    used 9372K, capacity 10081K, committed 10112K, reserved 1048576K
}

