# JRE version: OpenJDK Runtime Environment (8.0_112-b06) (build 1.8.0_112-release-b06)
# Java VM: OpenJDK 64-Bit Server VM (25.112-b06 mixed mode windows-amd64 compressed oops)
Heap:
 PSYoungGen      total 318976K, used 70171K [0x00000000e0000000, 0x00000000f8100000, 0x0000000100000000)
  eden space 284160K, 21% used [0x00000000e0000000,0x00000000e3b80350,0x00000000f1580000)
  from space 34816K, 26% used [0x00000000f1580000,0x00000000f1e86bd0,0x00000000f3780000)
  to   space 33792K, 0% used [0x00000000f6000000,0x00000000f6000000,0x00000000f8100000)
 ParOldGen       total 157696K, used 52596K [0x00000000a0000000, 0x00000000a9a00000, 0x00000000e0000000)
  object space 157696K, 33% used [0x00000000a0000000,0x00000000a335d370,0x00000000a9a00000)
 Metaspace       used 73737K, capacity 80018K, committed 80384K, reserved 1120256K
  class space    used 9515K, capacity 10376K, committed 10496K, reserved 1048576K
GC Heap History (10 events):
Event: 6359.072 GC heap before
{Heap before GC invocations=30 (full 3):
 PSYoungGen      total 261120K, used 236568K [0x00000000e0000000, 0x00000000f2500000, 0x0000000100000000)
  eden space 227328K, 99% used [0x00000000e0000000,0x00000000edd8d148,0x00000000ede00000)
  from space 33792K, 28% used [0x00000000f0400000,0x00000000f0d79050,0x00000000f2500000)
  to   space 36352K, 0% used [0x00000000ede00000,0x00000000ede00000,0x00000000f0180000)
 ParOldGen       total 157696K, used 45137K [0x00000000a0000000, 0x00000000a9a00000, 0x00000000e0000000)
  object space 157696K, 28% used [0x00000000a0000000,0x00000000a2c147c0,0x00000000a9a00000)
 Metaspace       used 73313K, capacity 79336K, committed 79488K, reserved 1118208K
  class space    used 9479K, capacity 10337K, committed 10368K, reserved 1048576K
Event: 6359.117 GC heap after
Heap after GC invocations=30 (full 3):
 PSYoungGen      total 263680K, used 19705K [0x00000000e0000000, 0x00000000f3280000, 0x0000000100000000)
  eden space 227328K, 0% used [0x00000000e0000000,0x00000000e0000000,0x00000000ede00000)
  from space 36352K, 54% used [0x00000000ede00000,0x00000000ef13e690,0x00000000f0180000)
  to   space 35328K, 0% used [0x00000000f1000000,0x00000000f1000000,0x00000000f3280000)
 ParOldGen       total 157696K, used 47318K [0x00000000a0000000, 0x00000000a9a00000, 0x00000000e0000000)
  object space 157696K, 30% used [0x00000000a0000000,0x00000000a2e35820,0x00000000a9a00000)
 Metaspace       used 73313K, capacity 79336K, committed 79488K, reserved 1118208K
  class space    used 9479K, capacity 10337K, committed 10368K, reserved 1048576K
}
Event: 6359.232 GC heap before
{Heap before GC invocations=31 (full 3):
 PSYoungGen      total 263680K, used 247033K [0x00000000e0000000, 0x00000000f3280000, 0x0000000100000000)
  eden space 227328K, 100% used [0x00000000e0000000,0x00000000ede00000,0x00000000ede00000)
  from space 36352K, 54% used [0x00000000ede00000,0x00000000ef13e690,0x00000000f0180000)
  to   space 35328K, 0% used [0x00000000f1000000,0x00000000f1000000,0x00000000f3280000)
 ParOldGen       total 157696K, used 47318K [0x00000000a0000000, 0x00000000a9a00000, 0x00000000e0000000)
  object space 157696K, 30% used [0x00000000a0000000,0x00000000a2e35820,0x00000000a9a00000)
 Metaspace       used 73317K, capacity 79336K, committed 79488K, reserved 1118208K
  class space    used 9479K, capacity 10337K, committed 10368K, reserved 1048576K
Event: 6359.250 GC heap after
Heap after GC invocations=31 (full 3):
 PSYoungGen      total 279040K, used 9955K [0x00000000e0000000, 0x00000000f4f00000, 0x0000000100000000)
  eden space 243712K, 0% used [0x00000000e0000000,0x00000000e0000000,0x00000000eee00000)
  from space 35328K, 28% used [0x00000000f1000000,0x00000000f19b8d50,0x00000000f3280000)
  to   space 34816K, 0% used [0x00000000eee00000,0x00000000eee00000,0x00000000f1000000)
 ParOldGen       total 157696K, used 48920K [0x00000000a0000000, 0x00000000a9a00000, 0x00000000e0000000)
  object space 157696K, 31% used [0x00000000a0000000,0x00000000a2fc6070,0x00000000a9a00000)
 Metaspace       used 73317K, capacity 79336K, committed 79488K, reserved 1118208K
  class space    used 9479K, capacity 10337K, committed 10368K, reserved 1048576K
}
Event: 6450.957 GC heap before
{Heap before GC invocations=32 (full 3):
 PSYoungGen      total 279040K, used 253566K [0x00000000e0000000, 0x00000000f4f00000, 0x0000000100000000)
  eden space 243712K, 99% used [0x00000000e0000000,0x00000000eede6cf8,0x00000000eee00000)
  from space 35328K, 28% used [0x00000000f1000000,0x00000000f19b8d50,0x00000000f3280000)
  to   space 34816K, 0% used [0x00000000eee00000,0x00000000eee00000,0x00000000f1000000)
 ParOldGen       total 157696K, used 48920K [0x00000000a0000000, 0x00000000a9a00000, 0x00000000e0000000)
  object space 157696K, 31% used [0x00000000a0000000,0x00000000a2fc6070,0x00000000a9a00000)
 Metaspace       used 73436K, capacity 79576K, committed 79744K, reserved 1118208K
  class space    used 9487K, capacity 10345K, committed 10368K, reserved 1048576K
Event: 6451.922 GC heap after
Heap after GC invocations=32 (full 3):
 PSYoungGen      total 278528K, used 10181K [0x00000000e0000000, 0x00000000f5d80000, 0x0000000100000000)
  eden space 243712K, 0% used [0x00000000e0000000,0x00000000e0000000,0x00000000eee00000)
  from space 34816K, 29% used [0x00000000eee00000,0x00000000ef7f1720,0x00000000f1000000)
  to   space 34304K, 0% used [0x00000000f3c00000,0x00000000f3c00000,0x00000000f5d80000)
 ParOldGen       total 157696K, used 52228K [0x00000000a0000000, 0x00000000a9a00000, 0x00000000e0000000)
  object space 157696K, 33% used [0x00000000a0000000,0x00000000a3301370,0x00000000a9a00000)
 Metaspace       used 73436K, capacity 79576K, committed 79744K, reserved 1118208K
  class space    used 9487K, capacity 10345K, committed 10368K, reserved 1048576K
}
Event: 8171.927 GC heap before
{Heap before GC invocations=33 (full 3):
 PSYoungGen      total 278528K, used 253893K [0x00000000e0000000, 0x00000000f5d80000, 0x0000000100000000)
  eden space 243712K, 100% used [0x00000000e0000000,0x00000000eee00000,0x00000000eee00000)
  from space 34816K, 29% used [0x00000000eee00000,0x00000000ef7f1720,0x00000000f1000000)
  to   space 34304K, 0% used [0x00000000f3c00000,0x00000000f3c00000,0x00000000f5d80000)
 ParOldGen       total 157696K, used 52228K [0x00000000a0000000, 0x00000000a9a00000, 0x00000000e0000000)
  object space 157696K, 33% used [0x00000000a0000000,0x00000000a3301370,0x00000000a9a00000)
 Metaspace       used 73523K, capacity 79736K, committed 80000K, reserved 1118208K
  class space    used 9495K, capacity 10353K, committed 10368K, reserved 1048576K
Event: 8172.072 GC heap after
Heap after GC invocations=33 (full 3):
 PSYoungGen      total 314368K, used 3040K [0x00000000e0000000, 0x00000000f5980000, 0x0000000100000000)
  eden space 284160K, 0% used [0x00000000e0000000,0x00000000e0000000,0x00000000f1580000)
  from space 30208K, 10% used [0x00000000f3c00000,0x00000000f3ef8000,0x00000000f5980000)
  to   space 34816K, 0% used [0x00000000f1580000,0x00000000f1580000,0x00000000f3780000)
 ParOldGen       total 157696K, used 52420K [0x00000000a0000000, 0x00000000a9a00000, 0x00000000e0000000)
  object space 157696K, 33% used [0x00000000a0000000,0x00000000a3331370,0x00000000a9a00000)
 Metaspace       used 73523K, capacity 79736K, committed 80000K, reserved 1118208K
  class space    used 9495K, capacity 10353K, committed 10368K, reserved 1048576K
}
Event: 8295.646 GC heap before
{Heap before GC invocations=34 (full 3):
 PSYoungGen      total 314368K, used 287186K [0x00000000e0000000, 0x00000000f5980000, 0x0000000100000000)
  eden space 284160K, 99% used [0x00000000e0000000,0x00000000f157cb78,0x00000000f1580000)
  from space 30208K, 10% used [0x00000000f3c00000,0x00000000f3ef8000,0x00000000f5980000)
  to   space 34816K, 0% used [0x00000000f1580000,0x00000000f1580000,0x00000000f3780000)
 ParOldGen       total 157696K, used 52420K [0x00000000a0000000, 0x00000000a9a00000, 0x00000000e0000000)
  object space 157696K, 33% used [0x00000000a0000000,0x00000000a3331370,0x00000000a9a00000)
 Metaspace       used 73710K, capacity 80018K, committed 80384K, reserved 1120256K
  class space    used 9515K, capacity 10376K, committed 10496K, reserved 1048576K
Event: 8296.098 GC heap after
Heap after GC invocations=34 (full 3):
 PSYoungGen      total 318976K, used 9242K [0x00000000e0000000, 0x00000000f8100000, 0x0000000100000000)
  eden space 284160K, 0% used [0x00000000e0000000,0x00000000e0000000,0x00000000f1580000)
  from space 34816K, 26% used [0x00000000f1580000,0x00000000f1e86bd0,0x00000000f3780000)
  to   space 33792K, 0% used [0x00000000f6000000,0x00000000f6000000,0x00000000f8100000)
 ParOldGen       total 157696K, used 52596K [0x00000000a0000000, 0x00000000a9a00000, 0x00000000e0000000)
  object space 157696K, 33% used [0x00000000a0000000,0x00000000a335d370,0x00000000a9a00000)
 Metaspace       used 73710K, capacity 80018K, committed 80384K, reserved 1120256K
  class space    used 9515K, capacity 10376K, committed 10496K, reserved 1048576K
}

